# JRE version: Java(TM) SE Runtime Environment (8.0_211-b12) (build 1.8.0_211-b12)
# Java VM: Java HotSpot(TM) 64-Bit Server VM (25.211-b12 mixed mode windows-amd64 compressed oops)
Heap:
 PSYoungGen      total 74752K, used 10721K [0x000000076ad80000, 0x0000000770b00000, 0x00000007c0000000)
  eden space 64000K, 0% used [0x000000076ad80000,0x000000076ad80000,0x000000076ec00000)
  from space 10752K, 99% used [0x000000076ed80000,0x000000076f7f8620,0x000000076f800000)
  to   space 15872K, 0% used [0x000000076fb80000,0x000000076fb80000,0x0000000770b00000)
 ParOldGen       total 175104K, used 6015K [0x00000006c0800000, 0x00000006cb300000, 0x000000076ad80000)
  object space 175104K, 3% used [0x00000006c0800000,0x00000006c0ddfee8,0x00000006cb300000)
 Metaspace       used 20535K, capacity 21106K, committed 21296K, reserved 1069056K
  class space    used 2406K, capacity 2598K, committed 2688K, reserved 1048576K
GC Heap History (10 events):
Event: 1.419 GC heap after
Heap after GC invocations=1 (full 0):
 PSYoungGen      total 76288K, used 8246K [0x000000076ad80000, 0x0000000770280000, 0x00000007c0000000)
  eden space 65536K, 0% used [0x000000076ad80000,0x000000076ad80000,0x000000076ed80000)
  from space 10752K, 76% used [0x000000076ed80000,0x000000076f58d878,0x000000076f800000)
  to   space 10752K, 0% used [0x000000076f800000,0x000000076f800000,0x0000000770280000)
 ParOldGen       total 175104K, used 16K [0x00000006c0800000, 0x00000006cb300000, 0x000000076ad80000)
  object space 175104K, 0% used [0x00000006c0800000,0x00000006c0804000,0x00000006cb300000)
 Metaspace       used 10855K, capacity 10990K, committed 11136K, reserved 1058816K
  class space    used 1318K, capacity 1383K, committed 1408K, reserved 1048576K
}
Event: 2.416 GC heap before
{Heap before GC invocations=2 (full 0):
 PSYoungGen      total 76288K, used 73782K [0x000000076ad80000, 0x0000000770280000, 0x00000007c0000000)
  eden space 65536K, 100% used [0x000000076ad80000,0x000000076ed80000,0x000000076ed80000)
  from space 10752K, 76% used [0x000000076ed80000,0x000000076f58d878,0x000000076f800000)
  to   space 10752K, 0% used [0x000000076f800000,0x000000076f800000,0x0000000770280000)
 ParOldGen       total 175104K, used 16K [0x00000006c0800000, 0x00000006cb300000, 0x000000076ad80000)
  object space 175104K, 0% used [0x00000006c0800000,0x00000006c0804000,0x00000006cb300000)
 Metaspace       used 15737K, capacity 16002K, committed 16128K, reserved 1062912K
  class space    used 1904K, capacity 2010K, committed 2048K, reserved 1048576K
Event: 2.426 GC heap after
Heap after GC invocations=2 (full 0):
 PSYoungGen      total 76288K, used 10745K [0x000000076ad80000, 0x0000000770280000, 0x00000007c0000000)
  eden space 65536K, 0% used [0x000000076ad80000,0x000000076ad80000,0x000000076ed80000)
  from space 10752K, 99% used [0x000000076f800000,0x000000077027e4b8,0x0000000770280000)
  to   space 10752K, 0% used [0x000000076ed80000,0x000000076ed80000,0x000000076f800000)
 ParOldGen       total 175104K, used 206K [0x00000006c0800000, 0x00000006cb300000, 0x000000076ad80000)
  object space 175104K, 0% used [0x00000006c0800000,0x00000006c0833b08,0x00000006cb300000)
 Metaspace       used 15737K, capacity 16002K, committed 16128K, reserved 1062912K
  class space    used 1904K, capacity 2010K, committed 2048K, reserved 1048576K
}
Event: 3.460 GC heap before
{Heap before GC invocations=3 (full 0):
 PSYoungGen      total 76288K, used 76281K [0x000000076ad80000, 0x0000000770280000, 0x00000007c0000000)
  eden space 65536K, 100% used [0x000000076ad80000,0x000000076ed80000,0x000000076ed80000)
  from space 10752K, 99% used [0x000000076f800000,0x000000077027e4b8,0x0000000770280000)
  to   space 10752K, 0% used [0x000000076ed80000,0x000000076ed80000,0x000000076f800000)
 ParOldGen       total 175104K, used 206K [0x00000006c0800000, 0x00000006cb300000, 0x000000076ad80000)
  object space 175104K, 0% used [0x00000006c0800000,0x00000006c0833b08,0x00000006cb300000)
 Metaspace       used 16386K, capacity 16814K, committed 17024K, reserved 1064960K
  class space    used 1941K, capacity 2054K, committed 2176K, reserved 1048576K
Event: 3.469 GC heap after
Heap after GC invocations=3 (full 0):
 PSYoungGen      total 76288K, used 10160K [0x000000076ad80000, 0x0000000770280000, 0x00000007c0000000)
  eden space 65536K, 0% used [0x000000076ad80000,0x000000076ad80000,0x000000076ed80000)
  from space 10752K, 94% used [0x000000076ed80000,0x000000076f76c010,0x000000076f800000)
  to   space 10752K, 0% used [0x000000076f800000,0x000000076f800000,0x0000000770280000)
 ParOldGen       total 175104K, used 214K [0x00000006c0800000, 0x00000006cb300000, 0x000000076ad80000)
  object space 175104K, 0% used [0x00000006c0800000,0x00000006c0835b08,0x00000006cb300000)
 Metaspace       used 16386K, capacity 16814K, committed 17024K, reserved 1064960K
  class space    used 1941K, capacity 2054K, committed 2176K, reserved 1048576K
}
Event: 4.757 GC heap before
{Heap before GC invocations=4 (full 0):
 PSYoungGen      total 76288K, used 75696K [0x000000076ad80000, 0x0000000770280000, 0x00000007c0000000)
  eden space 65536K, 100% used [0x000000076ad80000,0x000000076ed80000,0x000000076ed80000)
  from space 10752K, 94% used [0x000000076ed80000,0x000000076f76c010,0x000000076f800000)
  to   space 10752K, 0% used [0x000000076f800000,0x000000076f800000,0x0000000770280000)
 ParOldGen       total 175104K, used 214K [0x00000006c0800000, 0x00000006cb300000, 0x000000076ad80000)
  object space 175104K, 0% used [0x00000006c0800000,0x00000006c0835b08,0x00000006cb300000)
 Metaspace       used 18136K, capacity 18546K, committed 18688K, reserved 1064960K
  class space    used 2121K, capacity 2230K, committed 2304K, reserved 1048576K
Event: 4.769 GC heap after
Heap after GC invocations=4 (full 0):
 PSYoungGen      total 76288K, used 10720K [0x000000076ad80000, 0x0000000770280000, 0x00000007c0000000)
  eden space 65536K, 0% used [0x000000076ad80000,0x000000076ad80000,0x000000076ed80000)
  from space 10752K, 99% used [0x000000076f800000,0x0000000770278020,0x0000000770280000)
  to   space 10752K, 0% used [0x000000076ed80000,0x000000076ed80000,0x000000076f800000)
 ParOldGen       total 175104K, used 3153K [0x00000006c0800000, 0x00000006cb300000, 0x000000076ad80000)
  object space 175104K, 1% used [0x00000006c0800000,0x00000006c0b14620,0x00000006cb300000)
 Metaspace       used 18136K, capacity 18546K, committed 18688K, reserved 1064960K
  class space    used 2121K, capacity 2230K, committed 2304K, reserved 1048576K
}
Event: 5.795 GC heap before
{Heap before GC invocations=5 (full 0):
 PSYoungGen      total 76288K, used 64936K [0x000000076ad80000, 0x0000000770280000, 0x00000007c0000000)
  eden space 65536K, 82% used [0x000000076ad80000,0x000000076e2723d8,0x000000076ed80000)
  from space 10752K, 99% used [0x000000076f800000,0x0000000770278020,0x0000000770280000)
  to   space 10752K, 0% used [0x000000076ed80000,0x000000076ed80000,0x000000076f800000)
 ParOldGen       total 175104K, used 3153K [0x00000006c0800000, 0x00000006cb300000, 0x000000076ad80000)
  object space 175104K, 1% used [0x00000006c0800000,0x00000006c0b14620,0x00000006cb300000)
 Metaspace       used 20535K, capacity 21106K, committed 21296K, reserved 1069056K
  class space    used 2406K, capacity 2598K, committed 2688K, reserved 1048576K
Event: 5.810 GC heap after
Heap after GC invocations=5 (full 0):
 PSYoungGen      total 74752K, used 10721K [0x000000076ad80000, 0x0000000770b00000, 0x00000007c0000000)
  eden space 64000K, 0% used [0x000000076ad80000,0x000000076ad80000,0x000000076ec00000)
  from space 10752K, 99% used [0x000000076ed80000,0x000000076f7f8620,0x000000076f800000)
  to   space 15872K, 0% used [0x000000076fb80000,0x000000076fb80000,0x0000000770b00000)
 ParOldGen       total 175104K, used 6015K [0x00000006c0800000, 0x00000006cb300000, 0x000000076ad80000)
  object space 175104K, 3% used [0x00000006c0800000,0x00000006c0ddfee8,0x00000006cb300000)
 Metaspace       used 20535K, capacity 21106K, committed 21296K, reserved 1069056K
  class space    used 2406K, capacity 2598K, committed 2688K, reserved 1048576K
}
Event: 5.810 GC heap before
{Heap before GC invocations=6 (full 1):
 PSYoungGen      total 74752K, used 10721K [0x000000076ad80000, 0x0000000770b00000, 0x00000007c0000000)
  eden space 64000K, 0% used [0x000000076ad80000,0x000000076ad80000,0x000000076ec00000)
  from space 10752K, 99% used [0x000000076ed80000,0x000000076f7f8620,0x000000076f800000)
  to   space 15872K, 0% used [0x000000076fb80000,0x000000076fb80000,0x0000000770b00000)
 ParOldGen       total 175104K, used 6015K [0x00000006c0800000, 0x00000006cb300000, 0x000000076ad80000)
  object space 175104K, 3% used [0x00000006c0800000,0x00000006c0ddfee8,0x00000006cb300000)
 Metaspace       used 20535K, capacity 21106K, committed 21296K, reserved 1069056K
  class space    used 2406K, capacity 2598K, committed 2688K, reserved 1048576K

